<?xml version="1.0" encoding="UTF-8"?>
<testsuite xmlns:xsi="http://www.w3.org/2001/XMLSchema-instance" xsi:noNamespaceSchemaLocation="https://maven.apache.org/surefire/maven-surefire-plugin/xsd/surefire-test-report.xsd" name="com.upgrad.FoodOrderingApp.api.controller.OrderControllerTest" time="0.535" tests="19" errors="0" skipped="19" failures="0">
  <properties>
[...]
</properties>
  <testcase name="shouldNotGetCouponByNameIfCouponNameFieldIsEmpty" classname="com.upgrad.FoodOrderingApp.api.controller.OrderControllerTest" time="0">
    <skipped/>
    <system-out><![CDATA[2020-03-08 20:48:09.874  INFO 23520 --- [           main] .b.t.c.SpringBootTestContextBootstrapper : Neither @ContextConfiguration nor @ContextHierarchy found for test class [com.upgrad.FoodOrderingApp.api.controller.OrderControllerTest], using SpringBootContextLoader
2020-03-08 20:48:09.875  INFO 23520 --- [           main] o.s.t.c.support.AbstractContextLoader    : Could not detect default resource locations for test class [com.upgrad.FoodOrderingApp.api.controller.OrderControllerTest]: no resource found for suffixes {-context.xml, Context.groovy}.
2020-03-08 20:48:09.875  INFO 23520 --- [           main] t.c.s.AnnotationConfigContextLoaderUtils : Could not detect default configuration classes for test class [com.upgrad.FoodOrderingApp.api.controller.OrderControllerTest]: OrderControllerTest does not declare any static, non-private, non-final, nested classes annotated with @Configuration.
2020-03-08 20:48:09.884  INFO 23520 --- [           main] .b.t.c.SpringBootTestContextBootstrapper : Found @SpringBootConfiguration com.upgrad.FoodOrderingApp.api.FoodOrderingAppApiApplication for test class com.upgrad.FoodOrderingApp.api.controller.OrderControllerTest
2020-03-08 20:48:09.887  INFO 23520 --- [           main] .b.t.c.SpringBootTestContextBootstrapper : Loaded default TestExecutionListener class names from location [META-INF/spring.factories]: [org.springframework.boot.test.mock.mockito.MockitoTestExecutionListener, org.springframework.boot.test.mock.mockito.ResetMocksTestExecutionListener, org.springframework.boot.test.autoconfigure.restdocs.RestDocsTestExecutionListener, org.springframework.boot.test.autoconfigure.web.client.MockRestServiceServerResetTestExecutionListener, org.springframework.boot.test.autoconfigure.web.servlet.MockMvcPrintOnlyOnFailureTestExecutionListener, org.springframework.boot.test.autoconfigure.web.servlet.WebDriverTestExecutionListener, org.springframework.test.context.web.ServletTestExecutionListener, org.springframework.test.context.support.DirtiesContextBeforeModesTestExecutionListener, org.springframework.test.context.support.DependencyInjectionTestExecutionListener, org.springframework.test.context.support.DirtiesContextTestExecutionListener, org.springframework.test.context.transaction.TransactionalTestExecutionListener, org.springframework.test.context.jdbc.SqlScriptsTestExecutionListener]
2020-03-08 20:48:09.887  INFO 23520 --- [           main] .b.t.c.SpringBootTestContextBootstrapper : Using TestExecutionListeners: [org.springframework.test.context.web.ServletTestExecutionListener@3b399f5a, org.springframework.test.context.support.DirtiesContextBeforeModesTestExecutionListener@16f2d883, org.springframework.boot.test.mock.mockito.MockitoTestExecutionListener@71806c64, org.springframework.boot.test.autoconfigure.SpringBootDependencyInjectionTestExecutionListener@1e2c0292, org.springframework.test.context.support.DirtiesContextTestExecutionListener@69988d42, org.springframework.test.context.transaction.TransactionalTestExecutionListener@69ae7632, org.springframework.test.context.jdbc.SqlScriptsTestExecutionListener@1bbfd42f, org.springframework.boot.test.mock.mockito.ResetMocksTestExecutionListener@65f96d58, org.springframework.boot.test.autoconfigure.restdocs.RestDocsTestExecutionListener@48a61e38, org.springframework.boot.test.autoconfigure.web.client.MockRestServiceServerResetTestExecutionListener@52a3eef8, org.springframework.boot.test.autoconfigure.web.servlet.MockMvcPrintOnlyOnFailureTestExecutionListener@37d8562f, org.springframework.boot.test.autoconfigure.web.servlet.WebDriverTestExecutionListener@19656e21]
]]></system-out>
  </testcase>
  <testcase name="shouldNotSaveOrderIfCustomerSessionIsExpired" classname="com.upgrad.FoodOrderingApp.api.controller.OrderControllerTest" time="0">
    <skipped/>
  </testcase>
  <testcase name="shouldNotGetCouponByNameIfCustomerSessionIsExpired" classname="com.upgrad.FoodOrderingApp.api.controller.OrderControllerTest" time="0">
    <skipped/>
  </testcase>
  <testcase name="shouldNotSaveOrderIfRestaurantDoesNotExists" classname="com.upgrad.FoodOrderingApp.api.controller.OrderControllerTest" time="0">
    <skipped/>
  </testcase>
  <testcase name="shouldNotGetPlacedOrderDetailsIfCustomerIsLoggedOut" classname="com.upgrad.FoodOrderingApp.api.controller.OrderControllerTest" time="0">
    <skipped/>
  </testcase>
  <testcase name="shouldSaveOrder" classname="com.upgrad.FoodOrderingApp.api.controller.OrderControllerTest" time="0">
    <skipped/>
  </testcase>
  <testcase name="shouldNotGetPlacedOrderDetailsIfCustomerSessionIsExpired" classname="com.upgrad.FoodOrderingApp.api.controller.OrderControllerTest" time="0">
    <skipped/>
  </testcase>
  <testcase name="shouldNotGetCouponByNameIfCustomerIsLoggedOut" classname="com.upgrad.FoodOrderingApp.api.controller.OrderControllerTest" time="0">
    <skipped/>
  </testcase>
  <testcase name="shouldNotGetPlacedOrderDetailsIfCustomerIsNotLoggedIn" classname="com.upgrad.FoodOrderingApp.api.controller.OrderControllerTest" time="0">
    <skipped/>
  </testcase>
  <testcase name="shouldNotGetCouponByNameIfItDoesNotExists" classname="com.upgrad.FoodOrderingApp.api.controller.OrderControllerTest" time="0">
    <skipped/>
  </testcase>
  <testcase name="shouldNotGetCouponByNameIfCustomerIsNotLoggedIn" classname="com.upgrad.FoodOrderingApp.api.controller.OrderControllerTest" time="0">
    <skipped/>
  </testcase>
  <testcase name="shouldNotSaveOrderIfCustomerIsLoggedOut" classname="com.upgrad.FoodOrderingApp.api.controller.OrderControllerTest" time="0">
    <skipped/>
  </testcase>
  <testcase name="shouldNotSaveOrderIfCustomerIsNotLoggedIn" classname="com.upgrad.FoodOrderingApp.api.controller.OrderControllerTest" time="0">
    <skipped/>
  </testcase>
  <testcase name="shouldNotSaveOrderIfAddressNotFound" classname="com.upgrad.FoodOrderingApp.api.controller.OrderControllerTest" time="0">
    <skipped/>
  </testcase>
  <testcase name="shouldGetCouponByName" classname="com.upgrad.FoodOrderingApp.api.controller.OrderControllerTest" time="0">
    <skipped/>
  </testcase>
  <testcase name="shouldNotSaveOrderIfUserUnauthorizedToChangeAddress" classname="com.upgrad.FoodOrderingApp.api.controller.OrderControllerTest" time="0">
    <skipped/>
  </testcase>
  <testcase name="shouldNotSaveOrderIfCouponNotFound" classname="com.upgrad.FoodOrderingApp.api.controller.OrderControllerTest" time="0">
    <skipped/>
  </testcase>
  <testcase name="shouldGetPlacedOrderDetails" classname="com.upgrad.FoodOrderingApp.api.controller.OrderControllerTest" time="0">
    <skipped/>
  </testcase>
  <testcase name="shouldNotSaveOrderIfPaymentMethodDoesNotExists" classname="com.upgrad.FoodOrderingApp.api.controller.OrderControllerTest" time="0">
    <skipped/>
  </testcase>
</testsuite>