<?xml version="1.0" encoding="UTF-8"?>
<testsuite xmlns:xsi="http://www.w3.org/2001/XMLSchema-instance" xsi:noNamespaceSchemaLocation="https://maven.apache.org/surefire/maven-surefire-plugin/xsd/surefire-test-report.xsd" name="com.upgrad.FoodOrderingApp.api.controller.AddressControllerTest" time="5.206" tests="19" errors="0" skipped="19" failures="0">
  <properties>
[...]
</properties>
  <testcase name="shouldGetAllAddresses" classname="com.upgrad.FoodOrderingApp.api.controller.AddressControllerTest" time="0">
    <skipped/>
    <system-out><![CDATA[07:27:16.249 [main] DEBUG org.springframework.test.context.junit4.SpringJUnit4ClassRunner - SpringJUnit4ClassRunner constructor called with [class com.upgrad.FoodOrderingApp.api.controller.AddressControllerTest]
07:27:16.274 [main] DEBUG org.springframework.test.context.BootstrapUtils - Instantiating CacheAwareContextLoaderDelegate from class [org.springframework.test.context.cache.DefaultCacheAwareContextLoaderDelegate]
07:27:16.300 [main] DEBUG org.springframework.test.context.BootstrapUtils - Instantiating BootstrapContext using constructor [public org.springframework.test.context.support.DefaultBootstrapContext(java.lang.Class,org.springframework.test.context.CacheAwareContextLoaderDelegate)]
07:27:16.362 [main] DEBUG org.springframework.test.context.BootstrapUtils - Instantiating TestContextBootstrapper for test class [com.upgrad.FoodOrderingApp.api.controller.AddressControllerTest] from class [org.springframework.boot.test.context.SpringBootTestContextBootstrapper]
07:27:16.400 [main] INFO org.springframework.boot.test.context.SpringBootTestContextBootstrapper - Neither @ContextConfiguration nor @ContextHierarchy found for test class [com.upgrad.FoodOrderingApp.api.controller.AddressControllerTest], using SpringBootContextLoader
07:27:16.411 [main] DEBUG org.springframework.test.context.support.AbstractContextLoader - Did not detect default resource location for test class [com.upgrad.FoodOrderingApp.api.controller.AddressControllerTest]: class path resource [com/upgrad/FoodOrderingApp/api/controller/AddressControllerTest-context.xml] does not exist
07:27:16.413 [main] DEBUG org.springframework.test.context.support.AbstractContextLoader - Did not detect default resource location for test class [com.upgrad.FoodOrderingApp.api.controller.AddressControllerTest]: class path resource [com/upgrad/FoodOrderingApp/api/controller/AddressControllerTestContext.groovy] does not exist
07:27:16.413 [main] INFO org.springframework.test.context.support.AbstractContextLoader - Could not detect default resource locations for test class [com.upgrad.FoodOrderingApp.api.controller.AddressControllerTest]: no resource found for suffixes {-context.xml, Context.groovy}.
07:27:16.415 [main] INFO org.springframework.test.context.support.AnnotationConfigContextLoaderUtils - Could not detect default configuration classes for test class [com.upgrad.FoodOrderingApp.api.controller.AddressControllerTest]: AddressControllerTest does not declare any static, non-private, non-final, nested classes annotated with @Configuration.
07:27:16.533 [main] DEBUG org.springframework.test.context.support.ActiveProfilesUtils - Could not find an 'annotation declaring class' for annotation type [org.springframework.test.context.ActiveProfiles] and class [com.upgrad.FoodOrderingApp.api.controller.AddressControllerTest]
07:27:16.548 [main] DEBUG org.springframework.core.env.StandardEnvironment - Adding PropertySource 'systemProperties' with lowest search precedence
07:27:16.548 [main] DEBUG org.springframework.core.env.StandardEnvironment - Adding PropertySource 'systemEnvironment' with lowest search precedence
07:27:16.548 [main] DEBUG org.springframework.core.env.StandardEnvironment - Initialized StandardEnvironment with PropertySources [MapPropertySource@556529265 {name='systemProperties', properties={java.runtime.name=Java(TM) SE Runtime Environment, sun.boot.library.path=C:\Program Files\Java\jdk1.8.0_191\jre\bin, java.vm.version=25.191-b12, java.vm.vendor=Oracle Corporation, java.vendor.url=http://java.oracle.com/, path.separator=;, java.vm.name=Java HotSpot(TM) 64-Bit Server VM, file.encoding.pkg=sun.io, user.country=IN, user.script=, sun.java.launcher=SUN_STANDARD, sun.os.patch.level=, java.vm.specification.name=Java Virtual Machine Specification, user.dir=E:\PGDM\Capstone\Backend\FoodOrderingAppBackend-STUB\FoodOrderingAppBackend\FoodOrderingApp-api, java.runtime.version=1.8.0_191-b12, basedir=E:\PGDM\Capstone\Backend\FoodOrderingAppBackend-STUB\FoodOrderingAppBackend\FoodOrderingApp-api, java.awt.graphicsenv=sun.awt.Win32GraphicsEnvironment, java.endorsed.dirs=C:\Program Files\Java\jdk1.8.0_191\jre\lib\endorsed, os.arch=amd64, surefire.real.class.path=C:\Users\Sundar\AppData\Local\Temp\surefire6603505617392608672\surefirebooter2677744543544473114.jar, java.io.tmpdir=C:\Users\Sundar\AppData\Local\Temp\, line.separator=
, java.vm.specification.vendor=Oracle Corporation, user.variant=, os.name=Windows 10, sun.jnu.encoding=Cp1252, java.library.path=C:\Program Files\Java\jdk1.8.0_191\jre\bin;C:\WINDOWS\Sun\Java\bin;C:\WINDOWS\system32;C:\WINDOWS;C:\Python27\;C:\Python27\Scripts;C:\Program Files (x86)\Intel\iCLS Client\;C:\Program Files (x86)\Common Files\Oracle\Java\javapath;C:\ProgramData\Oracle\Java\javapath;C:\Program Files\Intel\iCLS Client\;C:\WINDOWS\system32;C:\WINDOWS;C:\WINDOWS\System32\Wbem;C:\WINDOWS\System32\WindowsPowerShell\v1.0\;C:\WINDOWS\System32\OpenSSH\;C:\Program Files\Intel\WiFi\bin\;C:\Program Files\Common Files\Intel\WirelessCommon\;C:\Program Files\Git\cmd;C:\Program Files (x86)\Vim\vim81;C:\Program Files\PostgreSQL\11\bin;C:\Program Files\apache-maven-3.6.1\bin;C:\Program Files\Java\jdk1.8.0_191\bin;C:\Program Files (x86)\Intel\Intel(R) Management Engine Components\DAL;C:\Program Files\Intel\Intel(R) Management Engine Components\DAL;C:\Program Files (x86)\Intel\Intel(R) Management Engine Components\IPT;C:\Program Files\Intel\Intel(R) Management Engine Components\IPT;C:\Program Files\nodejs\;C:\ProgramData\chocolatey\bin;C:\Users\Sundar\AppData\Local\Microsoft\WindowsApps;C:\Users\Sundar\AppData\Local\GitHubDesktop\bin;C:\Program Files\JetBrains\IntelliJ IDEA 2018.3.6\bin;;C:\Program Files\Docker Toolbox;C:\Users\Sundar\AppData\Local\Microsoft\WindowsApps;;C:\Users\Sundar\AppData\Local\Programs\Microsoft VS Code\bin;C:\Users\Sundar\AppData\Roaming\npm;., surefire.test.class.path=E:\PGDM\Capstone\Backend\FoodOrderingAppBackend-STUB\FoodOrderingAppBackend\FoodOrderingApp-api\target\test-classes;E:\PGDM\Capstone\Backend\FoodOrderingAppBackend-STUB\FoodOrderingAppBackend\FoodOrderingApp-api\target\classes;C:\Users\Sundar\.m2\repository\org\springframework\boot\spring-boot-starter-web\2.0.1.RELEASE\spring-boot-starter-web-2.0.1.RELEASE.jar;C:\Users\Sundar\.m2\repository\org\springframework\boot\spring-boot-starter\2.0.1.RELEASE\spring-boot-starter-2.0.1.RELEASE.jar;C:\Users\Sundar\.m2\repository\org\springframework\boot\spring-boot\2.0.1.RELEASE\spring-boot-2.0.1.RELEASE.jar;C:\Users\Sundar\.m2\repository\org\springframework\boot\spring-boot-autoconfigure\2.0.1.RELEASE\spring-boot-autoconfigure-2.0.1.RELEASE.jar;C:\Users\Sundar\.m2\repository\org\springframework\boot\spring-boot-starter-logging\2.0.1.RELEASE\spring-boot-starter-logging-2.0.1.RELEASE.jar;C:\Users\Sundar\.m2\repository\org\apache\logging\log4j\log4j-to-slf4j\2.10.0\log4j-to-slf4j-2.10.0.jar;C:\Users\Sundar\.m2\repository\org\apache\logging\log4j\log4j-api\2.10.0\log4j-api-2.10.0.jar;C:\Users\Sundar\.m2\repository\org\slf4j\jul-to-slf4j\1.7.25\jul-to-slf4j-1.7.25.jar;C:\Users\Sundar\.m2\repository\javax\annotation\javax.annotation-api\1.3.2\javax.annotation-api-1.3.2.jar;C:\Users\Sundar\.m2\repository\org\yaml\snakeyaml\1.19\snakeyaml-1.19.jar;C:\Users\Sundar\.m2\repository\org\springframework\boot\spring-boot-starter-json\2.0.1.RELEASE\spring-boot-starter-json-2.0.1.RELEASE.jar;C:\Users\Sundar\.m2\repository\com\fasterxml\jackson\datatype\jackson-datatype-jdk8\2.9.5\jackson-datatype-jdk8-2.9.5.jar;C:\Users\Sundar\.m2\repository\com\fasterxml\jackson\datatype\jackson-datatype-jsr310\2.9.5\jackson-datatype-jsr310-2.9.5.jar;C:\Users\Sundar\.m2\repository\com\fasterxml\jackson\module\jackson-module-parameter-names\2.9.5\jackson-module-parameter-names-2.9.5.jar;C:\Users\Sundar\.m2\repository\org\springframework\boot\spring-boot-starter-tomcat\2.0.1.RELEASE\spring-boot-starter-tomcat-2.0.1.RELEASE.jar;C:\Users\Sundar\.m2\repository\org\apache\tomcat\embed\tomcat-embed-core\8.5.29\tomcat-embed-core-8.5.29.jar;C:\Users\Sundar\.m2\repository\org\apache\tomcat\embed\tomcat-embed-el\8.5.29\tomcat-embed-el-8.5.29.jar;C:\Users\Sundar\.m2\repository\org\apache\tomcat\embed\tomcat-embed-websocket\8.5.29\tomcat-embed-websocket-8.5.29.jar;C:\Users\Sundar\.m2\repository\org\hibernate\validator\hibernate-validator\6.0.9.Final\hibernate-validator-6.0.9.Final.jar;C:\Users\Sundar\.m2\repository\javax\validation\validation-api\2.0.1.Final\validation-api-2.0.1.Final.jar;C:\Users\Sundar\.m2\repository\org\jboss\logging\jboss-logging\3.3.2.Final\jboss-logging-3.3.2.Final.jar;C:\Users\Sundar\.m2\repository\org\springframework\spring-webmvc\5.0.5.RELEASE\spring-webmvc-5.0.5.RELEASE.jar;C:\Users\Sundar\.m2\repository\io\swagger\swagger-annotations\1.5.18\swagger-annotations-1.5.18.jar;C:\Users\Sundar\.m2\repository\io\springfox\springfox-swagger2\2.6.1\springfox-swagger2-2.6.1.jar;C:\Users\Sundar\.m2\repository\io\swagger\swagger-models\1.5.10\swagger-models-1.5.10.jar;C:\Users\Sundar\.m2\repository\io\springfox\springfox-spi\2.6.1\springfox-spi-2.6.1.jar;C:\Users\Sundar\.m2\repository\io\springfox\springfox-core\2.6.1\springfox-core-2.6.1.jar;C:\Users\Sundar\.m2\repository\io\springfox\springfox-schema\2.6.1\springfox-schema-2.6.1.jar;C:\Users\Sundar\.m2\repository\io\springfox\springfox-swagger-common\2.6.1\springfox-swagger-common-2.6.1.jar;C:\Users\Sundar\.m2\repository\io\springfox\springfox-spring-web\2.6.1\springfox-spring-web-2.6.1.jar;C:\Users\Sundar\.m2\repository\com\google\guava\guava\18.0\guava-18.0.jar;C:\Users\Sundar\.m2\repository\com\fasterxml\classmate\1.3.4\classmate-1.3.4.jar;C:\Users\Sundar\.m2\repository\org\slf4j\slf4j-api\1.7.25\slf4j-api-1.7.25.jar;C:\Users\Sundar\.m2\repository\org\springframework\plugin\spring-plugin-core\1.2.0.RELEASE\spring-plugin-core-1.2.0.RELEASE.jar;C:\Users\Sundar\.m2\repository\org\springframework\plugin\spring-plugin-metadata\1.2.0.RELEASE\spring-plugin-metadata-1.2.0.RELEASE.jar;C:\Users\Sundar\.m2\repository\org\mapstruct\mapstruct\1.0.0.Final\mapstruct-1.0.0.Final.jar;C:\Users\Sundar\.m2\repository\io\springfox\springfox-swagger-ui\2.6.1\springfox-swagger-ui-2.6.1.jar;E:\PGDM\Capstone\Backend\FoodOrderingAppBackend-STUB\FoodOrderingAppBackend\FoodOrderingApp-service\target\FoodOrderingApp-service-1.0-SNAPSHOT.jar;C:\Users\Sundar\.m2\repository\org\springframework\boot\spring-boot-starter-validation\2.0.1.RELEASE\spring-boot-starter-validation-2.0.1.RELEASE.jar;C:\Users\Sundar\.m2\repository\org\springframework\boot\spring-boot-starter-data-jpa\2.0.1.RELEASE\spring-boot-starter-data-jpa-2.0.1.RELEASE.jar;C:\Users\Sundar\.m2\repository\org\springframework\boot\spring-boot-starter-aop\2.0.1.RELEASE\spring-boot-starter-aop-2.0.1.RELEASE.jar;C:\Users\Sundar\.m2\repository\org\aspectj\aspectjweaver\1.8.13\aspectjweaver-1.8.13.jar;C:\Users\Sundar\.m2\repository\org\springframework\boot\spring-boot-starter-jdbc\2.0.1.RELEASE\spring-boot-starter-jdbc-2.0.1.RELEASE.jar;C:\Users\Sundar\.m2\repository\com\zaxxer\HikariCP\2.7.8\HikariCP-2.7.8.jar;C:\Users\Sundar\.m2\repository\org\springframework\spring-jdbc\5.0.5.RELEASE\spring-jdbc-5.0.5.RELEASE.jar;C:\Users\Sundar\.m2\repository\org\hibernate\hibernate-core\5.2.16.Final\hibernate-core-5.2.16.Final.jar;C:\Users\Sundar\.m2\repository\org\hibernate\javax\persistence\hibernate-jpa-2.1-api\1.0.0.Final\hibernate-jpa-2.1-api-1.0.0.Final.jar;C:\Users\Sundar\.m2\repository\org\javassist\javassist\3.22.0-GA\javassist-3.22.0-GA.jar;C:\Users\Sundar\.m2\repository\antlr\antlr\2.7.7\antlr-2.7.7.jar;C:\Users\Sundar\.m2\repository\org\jboss\jandex\2.0.3.Final\jandex-2.0.3.Final.jar;C:\Users\Sundar\.m2\repository\dom4j\dom4j\1.6.1\dom4j-1.6.1.jar;C:\Users\Sundar\.m2\repository\org\hibernate\common\hibernate-commons-annotations\5.0.1.Final\hibernate-commons-annotations-5.0.1.Final.jar;C:\Users\Sundar\.m2\repository\javax\transaction\javax.transaction-api\1.2\javax.transaction-api-1.2.jar;C:\Users\Sundar\.m2\repository\org\springframework\data\spring-data-jpa\2.0.6.RELEASE\spring-data-jpa-2.0.6.RELEASE.jar;C:\Users\Sundar\.m2\repository\org\springframework\data\spring-data-commons\2.0.6.RELEASE\spring-data-commons-2.0.6.RELEASE.jar;C:\Users\Sundar\.m2\repository\org\springframework\spring-orm\5.0.5.RELEASE\spring-orm-5.0.5.RELEASE.jar;C:\Users\Sundar\.m2\repository\org\springframework\spring-tx\5.0.5.RELEASE\spring-tx-5.0.5.RELEASE.jar;C:\Users\Sundar\.m2\repository\org\springframework\spring-aspects\5.0.5.RELEASE\spring-aspects-5.0.5.RELEASE.jar;C:\Users\Sundar\.m2\repository\org\apache\commons\commons-lang3\3.7\commons-lang3-3.7.jar;C:\Users\Sundar\.m2\repository\ch\qos\logback\logback-classic\1.2.3\logback-classic-1.2.3.jar;C:\Users\Sundar\.m2\repository\ch\qos\logback\logback-core\1.2.3\logback-core-1.2.3.jar;C:\Users\Sundar\.m2\repository\com\auth0\java-jwt\3.4.0\java-jwt-3.4.0.jar;C:\Users\Sundar\.m2\repository\commons-codec\commons-codec\1.11\commons-codec-1.11.jar;C:\Users\Sundar\.m2\repository\org\springframework\boot\spring-boot-starter-test\2.0.1.RELEASE\spring-boot-starter-test-2.0.1.RELEASE.jar;C:\Users\Sundar\.m2\repository\org\springframework\boot\spring-boot-test\2.0.1.RELEASE\spring-boot-test-2.0.1.RELEASE.jar;C:\Users\Sundar\.m2\repository\org\springframework\boot\spring-boot-test-autoconfigure\2.0.1.RELEASE\spring-boot-test-autoconfigure-2.0.1.RELEASE.jar;C:\Users\Sundar\.m2\repository\com\jayway\jsonpath\json-path\2.4.0\json-path-2.4.0.jar;C:\Users\Sundar\.m2\repository\net\minidev\json-smart\2.3\json-smart-2.3.jar;C:\Users\Sundar\.m2\repository\net\minidev\accessors-smart\1.2\accessors-smart-1.2.jar;C:\Users\Sundar\.m2\repository\org\ow2\asm\asm\5.0.4\asm-5.0.4.jar;C:\Users\Sundar\.m2\repository\junit\junit\4.12\junit-4.12.jar;C:\Users\Sundar\.m2\repository\org\assertj\assertj-core\3.9.1\assertj-core-3.9.1.jar;C:\Users\Sundar\.m2\repository\org\mockito\mockito-core\2.15.0\mockito-core-2.15.0.jar;C:\Users\Sundar\.m2\repository\net\bytebuddy\byte-buddy\1.7.11\byte-buddy-1.7.11.jar;C:\Users\Sundar\.m2\repository\net\bytebuddy\byte-buddy-agent\1.7.11\byte-buddy-agent-1.7.11.jar;C:\Users\Sundar\.m2\repository\org\objenesis\objenesis\2.6\objenesis-2.6.jar;C:\Users\Sundar\.m2\repository\org\hamcrest\hamcrest-core\1.3\hamcrest-core-1.3.jar;C:\Users\Sundar\.m2\repository\org\hamcrest\hamcrest-library\1.3\hamcrest-library-1.3.jar;C:\Users\Sundar\.m2\repository\org\skyscreamer\jsonassert\1.5.0\jsonassert-1.5.0.jar;C:\Users\Sundar\.m2\repository\com\vaadin\external\google\android-json\0.0.20131108.vaadin1\android-json-0.0.20131108.vaadin1.jar;C:\Users\Sundar\.m2\repository\org\springframework\spring-core\5.0.5.RELEASE\spring-core-5.0.5.RELEASE.jar;C:\Users\Sundar\.m2\repository\org\springframework\spring-jcl\5.0.5.RELEASE\spring-jcl-5.0.5.RELEASE.jar;C:\Users\Sundar\.m2\repository\org\springframework\spring-test\5.0.5.RELEASE\spring-test-5.0.5.RELEASE.jar;C:\Users\Sundar\.m2\repository\org\xmlunit\xmlunit-core\2.5.1\xmlunit-core-2.5.1.jar;C:\Users\Sundar\.m2\repository\org\postgresql\postgresql\42.2.2\postgresql-42.2.2.jar;C:\Users\Sundar\.m2\repository\org\springframework\spring-web\5.0.8.RELEASE\spring-web-5.0.8.RELEASE.jar;C:\Users\Sundar\.m2\repository\org\springframework\spring-beans\5.0.5.RELEASE\spring-beans-5.0.5.RELEASE.jar;C:\Users\Sundar\.m2\repository\com\fasterxml\jackson\core\jackson-databind\2.9.6\jackson-databind-2.9.6.jar;C:\Users\Sundar\.m2\repository\com\fasterxml\jackson\core\jackson-core\2.9.5\jackson-core-2.9.5.jar;C:\Users\Sundar\.m2\repository\com\fasterxml\jackson\core\jackson-annotations\2.9.6\jackson-annotations-2.9.6.jar;C:\Users\Sundar\.m2\repository\org\springframework\spring-context\5.0.8.RELEASE\spring-context-5.0.8.RELEASE.jar;C:\Users\Sundar\.m2\repository\org\springframework\spring-aop\5.0.5.RELEASE\spring-aop-5.0.5.RELEASE.jar;C:\Users\Sundar\.m2\repository\org\springframework\spring-expression\5.0.5.RELEASE\spring-expression-5.0.5.RELEASE.jar;, java.specification.name=Java Platform API Specification, java.class.version=52.0, sun.management.compiler=HotSpot 64-Bit Tiered Compilers, os.version=10.0, user.home=C:\Users\Sundar, user.timezone=Asia/Calcutta, java.awt.printerjob=sun.awt.windows.WPrinterJob, file.encoding=Cp1252, java.specification.version=1.8, java.class.path=E:\PGDM\Capstone\Backend\FoodOrderingAppBackend-STUB\FoodOrderingAppBackend\FoodOrderingApp-api\target\test-classes;E:\PGDM\Capstone\Backend\FoodOrderingAppBackend-STUB\FoodOrderingAppBackend\FoodOrderingApp-api\target\classes;C:\Users\Sundar\.m2\repository\org\springframework\boot\spring-boot-starter-web\2.0.1.RELEASE\spring-boot-starter-web-2.0.1.RELEASE.jar;C:\Users\Sundar\.m2\repository\org\springframework\boot\spring-boot-starter\2.0.1.RELEASE\spring-boot-starter-2.0.1.RELEASE.jar;C:\Users\Sundar\.m2\repository\org\springframework\boot\spring-boot\2.0.1.RELEASE\spring-boot-2.0.1.RELEASE.jar;C:\Users\Sundar\.m2\repository\org\springframework\boot\spring-boot-autoconfigure\2.0.1.RELEASE\spring-boot-autoconfigure-2.0.1.RELEASE.jar;C:\Users\Sundar\.m2\repository\org\springframework\boot\spring-boot-starter-logging\2.0.1.RELEASE\spring-boot-starter-logging-2.0.1.RELEASE.jar;C:\Users\Sundar\.m2\repository\org\apache\logging\log4j\log4j-to-slf4j\2.10.0\log4j-to-slf4j-2.10.0.jar;C:\Users\Sundar\.m2\repository\org\apache\logging\log4j\log4j-api\2.10.0\log4j-api-2.10.0.jar;C:\Users\Sundar\.m2\repository\org\slf4j\jul-to-slf4j\1.7.25\jul-to-slf4j-1.7.25.jar;C:\Users\Sundar\.m2\repository\javax\annotation\javax.annotation-api\1.3.2\javax.annotation-api-1.3.2.jar;C:\Users\Sundar\.m2\repository\org\yaml\snakeyaml\1.19\snakeyaml-1.19.jar;C:\Users\Sundar\.m2\repository\org\springframework\boot\spring-boot-starter-json\2.0.1.RELEASE\spring-boot-starter-json-2.0.1.RELEASE.jar;C:\Users\Sundar\.m2\repository\com\fasterxml\jackson\datatype\jackson-datatype-jdk8\2.9.5\jackson-datatype-jdk8-2.9.5.jar;C:\Users\Sundar\.m2\repository\com\fasterxml\jackson\datatype\jackson-datatype-jsr310\2.9.5\jackson-datatype-jsr310-2.9.5.jar;C:\Users\Sundar\.m2\repository\com\fasterxml\jackson\module\jackson-module-parameter-names\2.9.5\jackson-module-parameter-names-2.9.5.jar;C:\Users\Sundar\.m2\repository\org\springframework\boot\spring-boot-starter-tomcat\2.0.1.RELEASE\spring-boot-starter-tomcat-2.0.1.RELEASE.jar;C:\Users\Sundar\.m2\repository\org\apache\tomcat\embed\tomcat-embed-core\8.5.29\tomcat-embed-core-8.5.29.jar;C:\Users\Sundar\.m2\repository\org\apache\tomcat\embed\tomcat-embed-el\8.5.29\tomcat-embed-el-8.5.29.jar;C:\Users\Sundar\.m2\repository\org\apache\tomcat\embed\tomcat-embed-websocket\8.5.29\tomcat-embed-websocket-8.5.29.jar;C:\Users\Sundar\.m2\repository\org\hibernate\validator\hibernate-validator\6.0.9.Final\hibernate-validator-6.0.9.Final.jar;C:\Users\Sundar\.m2\repository\javax\validation\validation-api\2.0.1.Final\validation-api-2.0.1.Final.jar;C:\Users\Sundar\.m2\repository\org\jboss\logging\jboss-logging\3.3.2.Final\jboss-logging-3.3.2.Final.jar;C:\Users\Sundar\.m2\repository\org\springframework\spring-webmvc\5.0.5.RELEASE\spring-webmvc-5.0.5.RELEASE.jar;C:\Users\Sundar\.m2\repository\io\swagger\swagger-annotations\1.5.18\swagger-annotations-1.5.18.jar;C:\Users\Sundar\.m2\repository\io\springfox\springfox-swagger2\2.6.1\springfox-swagger2-2.6.1.jar;C:\Users\Sundar\.m2\repository\io\swagger\swagger-models\1.5.10\swagger-models-1.5.10.jar;C:\Users\Sundar\.m2\repository\io\springfox\springfox-spi\2.6.1\springfox-spi-2.6.1.jar;C:\Users\Sundar\.m2\repository\io\springfox\springfox-core\2.6.1\springfox-core-2.6.1.jar;C:\Users\Sundar\.m2\repository\io\springfox\springfox-schema\2.6.1\springfox-schema-2.6.1.jar;C:\Users\Sundar\.m2\repository\io\springfox\springfox-swagger-common\2.6.1\springfox-swagger-common-2.6.1.jar;C:\Users\Sundar\.m2\repository\io\springfox\springfox-spring-web\2.6.1\springfox-spring-web-2.6.1.jar;C:\Users\Sundar\.m2\repository\com\google\guava\guava\18.0\guava-18.0.jar;C:\Users\Sundar\.m2\repository\com\fasterxml\classmate\1.3.4\classmate-1.3.4.jar;C:\Users\Sundar\.m2\repository\org\slf4j\slf4j-api\1.7.25\slf4j-api-1.7.25.jar;C:\Users\Sundar\.m2\repository\org\springframework\plugin\spring-plugin-core\1.2.0.RELEASE\spring-plugin-core-1.2.0.RELEASE.jar;C:\Users\Sundar\.m2\repository\org\springframework\plugin\spring-plugin-metadata\1.2.0.RELEASE\spring-plugin-metadata-1.2.0.RELEASE.jar;C:\Users\Sundar\.m2\repository\org\mapstruct\mapstruct\1.0.0.Final\mapstruct-1.0.0.Final.jar;C:\Users\Sundar\.m2\repository\io\springfox\springfox-swagger-ui\2.6.1\springfox-swagger-ui-2.6.1.jar;E:\PGDM\Capstone\Backend\FoodOrderingAppBackend-STUB\FoodOrderingAppBackend\FoodOrderingApp-service\target\FoodOrderingApp-service-1.0-SNAPSHOT.jar;C:\Users\Sundar\.m2\repository\org\springframework\boot\spring-boot-starter-validation\2.0.1.RELEASE\spring-boot-starter-validation-2.0.1.RELEASE.jar;C:\Users\Sundar\.m2\repository\org\springframework\boot\spring-boot-starter-data-jpa\2.0.1.RELEASE\spring-boot-starter-data-jpa-2.0.1.RELEASE.jar;C:\Users\Sundar\.m2\repository\org\springframework\boot\spring-boot-starter-aop\2.0.1.RELEASE\spring-boot-starter-aop-2.0.1.RELEASE.jar;C:\Users\Sundar\.m2\repository\org\aspectj\aspectjweaver\1.8.13\aspectjweaver-1.8.13.jar;C:\Users\Sundar\.m2\repository\org\springframework\boot\spring-boot-starter-jdbc\2.0.1.RELEASE\spring-boot-starter-jdbc-2.0.1.RELEASE.jar;C:\Users\Sundar\.m2\repository\com\zaxxer\HikariCP\2.7.8\HikariCP-2.7.8.jar;C:\Users\Sundar\.m2\repository\org\springframework\spring-jdbc\5.0.5.RELEASE\spring-jdbc-5.0.5.RELEASE.jar;C:\Users\Sundar\.m2\repository\org\hibernate\hibernate-core\5.2.16.Final\hibernate-core-5.2.16.Final.jar;C:\Users\Sundar\.m2\repository\org\hibernate\javax\persistence\hibernate-jpa-2.1-api\1.0.0.Final\hibernate-jpa-2.1-api-1.0.0.Final.jar;C:\Users\Sundar\.m2\repository\org\javassist\javassist\3.22.0-GA\javassist-3.22.0-GA.jar;C:\Users\Sundar\.m2\repository\antlr\antlr\2.7.7\antlr-2.7.7.jar;C:\Users\Sundar\.m2\repository\org\jboss\jandex\2.0.3.Final\jandex-2.0.3.Final.jar;C:\Users\Sundar\.m2\repository\dom4j\dom4j\1.6.1\dom4j-1.6.1.jar;C:\Users\Sundar\.m2\repository\org\hibernate\common\hibernate-commons-annotations\5.0.1.Final\hibernate-commons-annotations-5.0.1.Final.jar;C:\Users\Sundar\.m2\repository\javax\transaction\javax.transaction-api\1.2\javax.transaction-api-1.2.jar;C:\Users\Sundar\.m2\repository\org\springframework\data\spring-data-jpa\2.0.6.RELEASE\spring-data-jpa-2.0.6.RELEASE.jar;C:\Users\Sundar\.m2\repository\org\springframework\data\spring-data-commons\2.0.6.RELEASE\spring-data-commons-2.0.6.RELEASE.jar;C:\Users\Sundar\.m2\repository\org\springframework\spring-orm\5.0.5.RELEASE\spring-orm-5.0.5.RELEASE.jar;C:\Users\Sundar\.m2\repository\org\springframework\spring-tx\5.0.5.RELEASE\spring-tx-5.0.5.RELEASE.jar;C:\Users\Sundar\.m2\repository\org\springframework\spring-aspects\5.0.5.RELEASE\spring-aspects-5.0.5.RELEASE.jar;C:\Users\Sundar\.m2\repository\org\apache\commons\commons-lang3\3.7\commons-lang3-3.7.jar;C:\Users\Sundar\.m2\repository\ch\qos\logback\logback-classic\1.2.3\logback-classic-1.2.3.jar;C:\Users\Sundar\.m2\repository\ch\qos\logback\logback-core\1.2.3\logback-core-1.2.3.jar;C:\Users\Sundar\.m2\repository\com\auth0\java-jwt\3.4.0\java-jwt-3.4.0.jar;C:\Users\Sundar\.m2\repository\commons-codec\commons-codec\1.11\commons-codec-1.11.jar;C:\Users\Sundar\.m2\repository\org\springframework\boot\spring-boot-starter-test\2.0.1.RELEASE\spring-boot-starter-test-2.0.1.RELEASE.jar;C:\Users\Sundar\.m2\repository\org\springframework\boot\spring-boot-test\2.0.1.RELEASE\spring-boot-test-2.0.1.RELEASE.jar;C:\Users\Sundar\.m2\repository\org\springframework\boot\spring-boot-test-autoconfigure\2.0.1.RELEASE\spring-boot-test-autoconfigure-2.0.1.RELEASE.jar;C:\Users\Sundar\.m2\repository\com\jayway\jsonpath\json-path\2.4.0\json-path-2.4.0.jar;C:\Users\Sundar\.m2\repository\net\minidev\json-smart\2.3\json-smart-2.3.jar;C:\Users\Sundar\.m2\repository\net\minidev\accessors-smart\1.2\accessors-smart-1.2.jar;C:\Users\Sundar\.m2\repository\org\ow2\asm\asm\5.0.4\asm-5.0.4.jar;C:\Users\Sundar\.m2\repository\junit\junit\4.12\junit-4.12.jar;C:\Users\Sundar\.m2\repository\org\assertj\assertj-core\3.9.1\assertj-core-3.9.1.jar;C:\Users\Sundar\.m2\repository\org\mockito\mockito-core\2.15.0\mockito-core-2.15.0.jar;C:\Users\Sundar\.m2\repository\net\bytebuddy\byte-buddy\1.7.11\byte-buddy-1.7.11.jar;C:\Users\Sundar\.m2\repository\net\bytebuddy\byte-buddy-agent\1.7.11\byte-buddy-agent-1.7.11.jar;C:\Users\Sundar\.m2\repository\org\objenesis\objenesis\2.6\objenesis-2.6.jar;C:\Users\Sundar\.m2\repository\org\hamcrest\hamcrest-core\1.3\hamcrest-core-1.3.jar;C:\Users\Sundar\.m2\repository\org\hamcrest\hamcrest-library\1.3\hamcrest-library-1.3.jar;C:\Users\Sundar\.m2\repository\org\skyscreamer\jsonassert\1.5.0\jsonassert-1.5.0.jar;C:\Users\Sundar\.m2\repository\com\vaadin\external\google\android-json\0.0.20131108.vaadin1\android-json-0.0.20131108.vaadin1.jar;C:\Users\Sundar\.m2\repository\org\springframework\spring-core\5.0.5.RELEASE\spring-core-5.0.5.RELEASE.jar;C:\Users\Sundar\.m2\repository\org\springframework\spring-jcl\5.0.5.RELEASE\spring-jcl-5.0.5.RELEASE.jar;C:\Users\Sundar\.m2\repository\org\springframework\spring-test\5.0.5.RELEASE\spring-test-5.0.5.RELEASE.jar;C:\Users\Sundar\.m2\repository\org\xmlunit\xmlunit-core\2.5.1\xmlunit-core-2.5.1.jar;C:\Users\Sundar\.m2\repository\org\postgresql\postgresql\42.2.2\postgresql-42.2.2.jar;C:\Users\Sundar\.m2\repository\org\springframework\spring-web\5.0.8.RELEASE\spring-web-5.0.8.RELEASE.jar;C:\Users\Sundar\.m2\repository\org\springframework\spring-beans\5.0.5.RELEASE\spring-beans-5.0.5.RELEASE.jar;C:\Users\Sundar\.m2\repository\com\fasterxml\jackson\core\jackson-databind\2.9.6\jackson-databind-2.9.6.jar;C:\Users\Sundar\.m2\repository\com\fasterxml\jackson\core\jackson-core\2.9.5\jackson-core-2.9.5.jar;C:\Users\Sundar\.m2\repository\com\fasterxml\jackson\core\jackson-annotations\2.9.6\jackson-annotations-2.9.6.jar;C:\Users\Sundar\.m2\repository\org\springframework\spring-context\5.0.8.RELEASE\spring-context-5.0.8.RELEASE.jar;C:\Users\Sundar\.m2\repository\org\springframework\spring-aop\5.0.5.RELEASE\spring-aop-5.0.5.RELEASE.jar;C:\Users\Sundar\.m2\repository\org\springframework\spring-expression\5.0.5.RELEASE\spring-expression-5.0.5.RELEASE.jar;, user.name=Sundar, java.vm.specification.version=1.8, sun.java.command=C:\Users\Sundar\AppData\Local\Temp\surefire6603505617392608672\surefirebooter2677744543544473114.jar C:\Users\Sundar\AppData\Local\Temp\surefire6603505617392608672 2020-03-09T07-27-01_531-jvmRun1 surefire5888795429466643037tmp surefire_07593925877393091764tmp, java.home=C:\Program Files\Java\jdk1.8.0_191\jre, sun.arch.data.model=64, user.language=en, java.specification.vendor=Oracle Corporation, awt.toolkit=sun.awt.windows.WToolkit, java.vm.info=mixed mode, java.version=1.8.0_191, java.ext.dirs=C:\Program Files\Java\jdk1.8.0_191\jre\lib\ext;C:\WINDOWS\Sun\Java\lib\ext, sun.boot.class.path=C:\Program Files\Java\jdk1.8.0_191\jre\lib\resources.jar;C:\Program Files\Java\jdk1.8.0_191\jre\lib\rt.jar;C:\Program Files\Java\jdk1.8.0_191\jre\lib\sunrsasign.jar;C:\Program Files\Java\jdk1.8.0_191\jre\lib\jsse.jar;C:\Program Files\Java\jdk1.8.0_191\jre\lib\jce.jar;C:\Program Files\Java\jdk1.8.0_191\jre\lib\charsets.jar;C:\Program Files\Java\jdk1.8.0_191\jre\lib\jfr.jar;C:\Program Files\Java\jdk1.8.0_191\jre\classes, java.vendor=Oracle Corporation, localRepository=C:\Users\Sundar\.m2\repository, file.separator=\, java.vendor.url.bug=http://bugreport.sun.com/bugreport/, sun.io.unicode.encoding=UnicodeLittle, sun.cpu.endian=little, sun.desktop=windows, sun.cpu.isalist=amd64}}, SystemEnvironmentPropertySource@346224929 {name='systemEnvironment', properties={PATH=C:\Python27\;C:\Python27\Scripts;C:\Program Files (x86)\Intel\iCLS Client\;C:\Program Files (x86)\Common Files\Oracle\Java\javapath;C:\ProgramData\Oracle\Java\javapath;C:\Program Files\Intel\iCLS Client\;C:\WINDOWS\system32;C:\WINDOWS;C:\WINDOWS\System32\Wbem;C:\WINDOWS\System32\WindowsPowerShell\v1.0\;C:\WINDOWS\System32\OpenSSH\;C:\Program Files\Intel\WiFi\bin\;C:\Program Files\Common Files\Intel\WirelessCommon\;C:\Program Files\Git\cmd;C:\Program Files (x86)\Vim\vim81;C:\Program Files\PostgreSQL\11\bin;C:\Program Files\apache-maven-3.6.1\bin;C:\Program Files\Java\jdk1.8.0_191\bin;C:\Program Files (x86)\Intel\Intel(R) Management Engine Components\DAL;C:\Program Files\Intel\Intel(R) Management Engine Components\DAL;C:\Program Files (x86)\Intel\Intel(R) Management Engine Components\IPT;C:\Program Files\Intel\Intel(R) Management Engine Components\IPT;C:\Program Files\nodejs\;C:\ProgramData\chocolatey\bin;C:\Users\Sundar\AppData\Local\Microsoft\WindowsApps;C:\Users\Sundar\AppData\Local\GitHubDesktop\bin;C:\Program Files\JetBrains\IntelliJ IDEA 2018.3.6\bin;;C:\Program Files\Docker Toolbox;C:\Users\Sundar\AppData\Local\Microsoft\WindowsApps;;C:\Users\Sundar\AppData\Local\Programs\Microsoft VS Code\bin;C:\Users\Sundar\AppData\Roaming\npm, USERDOMAIN_ROAMINGPROFILE=DESKTOP-QSSMH7T, PROCESSOR_LEVEL=6, SYSTEMDRIVE=C:, SESSIONNAME=Console, ALLUSERSPROFILE=C:\ProgramData, PLATFORMCODE=KV, PROCESSOR_ARCHITECTURE=AMD64, DRIVERDATA=C:\Windows\System32\Drivers\DriverData, =E:=E:\PGDM\Capstone\Backend\FoodOrderingAppBackend-STUB\FoodOrderingAppBackend\FoodOrderingApp-api, MAVEN_HOME=C:\Program Files\apache-maven-3.6.1\bin\.., PROGRAMFILES=C:\Program Files, PSMODULEPATH=C:\Program Files\WindowsPowerShell\Modules;C:\WINDOWS\system32\WindowsPowerShell\v1.0\Modules, PROGRAMDATA=C:\ProgramData, CHOCOLATEYLASTPATHUPDATE=132232122048073167, USERNAME=Sundar, WDIR=E:\, FPS_BROWSER_USER_PROFILE_STRING=Default, ONEDRIVE=C:\Users\Sundar\OneDrive, PATHEXT=.COM;.EXE;.BAT;.CMD;.VBS;.VBE;.JS;.JSE;.WSF;.WSH;.MSC, ONEDRIVECONSUMER=C:\Users\Sundar\OneDrive, CLASSWORLDS_JAR="C:\Program Files\apache-maven-3.6.1\bin\..\boot\plexus-classworlds-2.6.0.jar", REGIONCODE=APJ, WINDIR=C:\WINDOWS, HOMEPATH=\Users\Sundar, PROCESSOR_IDENTIFIER=Intel64 Family 6 Model 142 Stepping 9, GenuineIntel, M2_HOME=C:\Program Files\apache-maven-3.6.1, PUBLIC=C:\Users\Public, =::=::\, LOCALAPPDATA=C:\Users\Sundar\AppData\Local, COMMONPROGRAMFILES(X86)=C:\Program Files (x86)\Common Files, USERDOMAIN=DESKTOP-QSSMH7T, FPS_BROWSER_APP_PROFILE_STRING=Internet Explorer, LOGONSERVER=\\DESKTOP-QSSMH7T, JAVA_HOME=C:\Program Files\Java\jdk1.8.0_191, PROMPT=$P$G, PROGRAMFILES(X86)=C:\Program Files (x86), ERROR_CODE=0, EXEC_DIR=E:\PGDM\Capstone\Backend\FoodOrderingAppBackend-STUB\FoodOrderingAppBackend, ONLINESERVICES=Online Services, INTELLIJ IDEA=C:\Program Files\JetBrains\IntelliJ IDEA 2018.3.6\bin;, =C:=C:\Users\Sundar, APPDATA=C:\Users\Sundar\AppData\Roaming, PROGRAMW6432=C:\Program Files, SYSTEMROOT=C:\WINDOWS, CHOCOLATEYINSTALL=C:\ProgramData\chocolatey, MAVEN_CMD_LINE_ARGS=clean install, VBOX_MSI_INSTALL_PATH=C:\Program Files\Oracle\VirtualBox\, OS=Windows_NT, COMMONPROGRAMW6432=C:\Program Files\Common Files, COMPUTERNAME=DESKTOP-QSSMH7T, COMMONPROGRAMFILES=C:\Program Files\Common Files, COMSPEC=C:\WINDOWS\system32\cmd.exe, JAVACMD=C:\Program Files\Java\jdk1.8.0_191\bin\java.exe, MAVEN_PROJECTBASEDIR=E:\PGDM\Capstone\Backend\FoodOrderingAppBackend-STUB\FoodOrderingAppBackend, PROCESSOR_REVISION=8e09, CLASSWORLDS_LAUNCHER=org.codehaus.plexus.classworlds.launcher.Launcher, TEMP=C:\Users\Sundar\AppData\Local\Temp, HOMEDRIVE=C:, USERPROFILE=C:\Users\Sundar, TMP=C:\Users\Sundar\AppData\Local\Temp, NUMBER_OF_PROCESSORS=4, JVMCONFIG=\.mvn\jvm.config, DOCKER_TOOLBOX_INSTALL_PATH=C:\Program Files\Docker Toolbox}}]
07:27:16.580 [main] DEBUG org.springframework.core.io.support.PathMatchingResourcePatternResolver - Resolved classpath location [com/upgrad/FoodOrderingApp/api/controller/] to resources [URL [file:/E:/PGDM/Capstone/Backend/FoodOrderingAppBackend-STUB/FoodOrderingAppBackend/FoodOrderingApp-api/target/test-classes/com/upgrad/FoodOrderingApp/api/controller/], URL [file:/E:/PGDM/Capstone/Backend/FoodOrderingAppBackend-STUB/FoodOrderingAppBackend/FoodOrderingApp-api/target/classes/com/upgrad/FoodOrderingApp/api/controller/]]
07:27:16.581 [main] DEBUG org.springframework.core.io.support.PathMatchingResourcePatternResolver - Looking for matching resources in directory tree [E:\PGDM\Capstone\Backend\FoodOrderingAppBackend-STUB\FoodOrderingAppBackend\FoodOrderingApp-api\target\test-classes\com\upgrad\FoodOrderingApp\api\controller]
07:27:16.581 [main] DEBUG org.springframework.core.io.support.PathMatchingResourcePatternResolver - Searching directory [E:\PGDM\Capstone\Backend\FoodOrderingAppBackend-STUB\FoodOrderingAppBackend\FoodOrderingApp-api\target\test-classes\com\upgrad\FoodOrderingApp\api\controller] for files matching pattern [E:/PGDM/Capstone/Backend/FoodOrderingAppBackend-STUB/FoodOrderingAppBackend/FoodOrderingApp-api/target/test-classes/com/upgrad/FoodOrderingApp/api/controller/*.class]
07:27:16.595 [main] DEBUG org.springframework.core.io.support.PathMatchingResourcePatternResolver - Looking for matching resources in directory tree [E:\PGDM\Capstone\Backend\FoodOrderingAppBackend-STUB\FoodOrderingAppBackend\FoodOrderingApp-api\target\classes\com\upgrad\FoodOrderingApp\api\controller]
07:27:16.596 [main] DEBUG org.springframework.core.io.support.PathMatchingResourcePatternResolver - Searching directory [E:\PGDM\Capstone\Backend\FoodOrderingAppBackend-STUB\FoodOrderingAppBackend\FoodOrderingApp-api\target\classes\com\upgrad\FoodOrderingApp\api\controller] for files matching pattern [E:/PGDM/Capstone/Backend/FoodOrderingAppBackend-STUB/FoodOrderingAppBackend/FoodOrderingApp-api/target/classes/com/upgrad/FoodOrderingApp/api/controller/*.class]
07:27:16.603 [main] DEBUG org.springframework.core.io.support.PathMatchingResourcePatternResolver - Resolved location pattern [classpath*:com/upgrad/FoodOrderingApp/api/controller/*.class] to resources [file [E:\PGDM\Capstone\Backend\FoodOrderingAppBackend-STUB\FoodOrderingAppBackend\FoodOrderingApp-api\target\test-classes\com\upgrad\FoodOrderingApp\api\controller\AddressControllerTest.class], file [E:\PGDM\Capstone\Backend\FoodOrderingAppBackend-STUB\FoodOrderingAppBackend\FoodOrderingApp-api\target\test-classes\com\upgrad\FoodOrderingApp\api\controller\CategoryControllerTest.class], file [E:\PGDM\Capstone\Backend\FoodOrderingAppBackend-STUB\FoodOrderingAppBackend\FoodOrderingApp-api\target\test-classes\com\upgrad\FoodOrderingApp\api\controller\CustomerControllerTest.class], file [E:\PGDM\Capstone\Backend\FoodOrderingAppBackend-STUB\FoodOrderingAppBackend\FoodOrderingApp-api\target\test-classes\com\upgrad\FoodOrderingApp\api\controller\ItemControllerTest.class], file [E:\PGDM\Capstone\Backend\FoodOrderingAppBackend-STUB\FoodOrderingAppBackend\FoodOrderingApp-api\target\test-classes\com\upgrad\FoodOrderingApp\api\controller\OrderControllerTest.class], file [E:\PGDM\Capstone\Backend\FoodOrderingAppBackend-STUB\FoodOrderingAppBackend\FoodOrderingApp-api\target\test-classes\com\upgrad\FoodOrderingApp\api\controller\PaymentControllerTest.class], file [E:\PGDM\Capstone\Backend\FoodOrderingAppBackend-STUB\FoodOrderingAppBackend\FoodOrderingApp-api\target\test-classes\com\upgrad\FoodOrderingApp\api\controller\RestaurantControllerTest.class], file [E:\PGDM\Capstone\Backend\FoodOrderingAppBackend-STUB\FoodOrderingAppBackend\FoodOrderingApp-api\target\classes\com\upgrad\FoodOrderingApp\api\controller\AddressController.class], file [E:\PGDM\Capstone\Backend\FoodOrderingAppBackend-STUB\FoodOrderingAppBackend\FoodOrderingApp-api\target\classes\com\upgrad\FoodOrderingApp\api\controller\CategoryController.class], file [E:\PGDM\Capstone\Backend\FoodOrderingAppBackend-STUB\FoodOrderingAppBackend\FoodOrderingApp-api\target\classes\com\upgrad\FoodOrderingApp\api\controller\CustomerController.class], file [E:\PGDM\Capstone\Backend\FoodOrderingAppBackend-STUB\FoodOrderingAppBackend\FoodOrderingApp-api\target\classes\com\upgrad\FoodOrderingApp\api\controller\ItemController.class], file [E:\PGDM\Capstone\Backend\FoodOrderingAppBackend-STUB\FoodOrderingAppBackend\FoodOrderingApp-api\target\classes\com\upgrad\FoodOrderingApp\api\controller\OrderController.class], file [E:\PGDM\Capstone\Backend\FoodOrderingAppBackend-STUB\FoodOrderingAppBackend\FoodOrderingApp-api\target\classes\com\upgrad\FoodOrderingApp\api\controller\PaymentController.class], file [E:\PGDM\Capstone\Backend\FoodOrderingAppBackend-STUB\FoodOrderingAppBackend\FoodOrderingApp-api\target\classes\com\upgrad\FoodOrderingApp\api\controller\RestaurantController.class]]
07:27:16.734 [main] DEBUG org.springframework.core.io.support.PathMatchingResourcePatternResolver - Resolved classpath location [com/upgrad/FoodOrderingApp/api/] to resources [URL [file:/E:/PGDM/Capstone/Backend/FoodOrderingAppBackend-STUB/FoodOrderingAppBackend/FoodOrderingApp-api/target/test-classes/com/upgrad/FoodOrderingApp/api/], URL [file:/E:/PGDM/Capstone/Backend/FoodOrderingAppBackend-STUB/FoodOrderingAppBackend/FoodOrderingApp-api/target/classes/com/upgrad/FoodOrderingApp/api/]]
07:27:16.735 [main] DEBUG org.springframework.core.io.support.PathMatchingResourcePatternResolver - Looking for matching resources in directory tree [E:\PGDM\Capstone\Backend\FoodOrderingAppBackend-STUB\FoodOrderingAppBackend\FoodOrderingApp-api\target\test-classes\com\upgrad\FoodOrderingApp\api]
07:27:16.735 [main] DEBUG org.springframework.core.io.support.PathMatchingResourcePatternResolver - Searching directory [E:\PGDM\Capstone\Backend\FoodOrderingAppBackend-STUB\FoodOrderingAppBackend\FoodOrderingApp-api\target\test-classes\com\upgrad\FoodOrderingApp\api] for files matching pattern [E:/PGDM/Capstone/Backend/FoodOrderingAppBackend-STUB/FoodOrderingAppBackend/FoodOrderingApp-api/target/test-classes/com/upgrad/FoodOrderingApp/api/*.class]
07:27:16.736 [main] DEBUG org.springframework.core.io.support.PathMatchingResourcePatternResolver - Looking for matching resources in directory tree [E:\PGDM\Capstone\Backend\FoodOrderingAppBackend-STUB\FoodOrderingAppBackend\FoodOrderingApp-api\target\classes\com\upgrad\FoodOrderingApp\api]
07:27:16.736 [main] DEBUG org.springframework.core.io.support.PathMatchingResourcePatternResolver - Searching directory [E:\PGDM\Capstone\Backend\FoodOrderingAppBackend-STUB\FoodOrderingAppBackend\FoodOrderingApp-api\target\classes\com\upgrad\FoodOrderingApp\api] for files matching pattern [E:/PGDM/Capstone/Backend/FoodOrderingAppBackend-STUB/FoodOrderingAppBackend/FoodOrderingApp-api/target/classes/com/upgrad/FoodOrderingApp/api/*.class]
07:27:16.738 [main] DEBUG org.springframework.core.io.support.PathMatchingResourcePatternResolver - Resolved location pattern [classpath*:com/upgrad/FoodOrderingApp/api/*.class] to resources [file [E:\PGDM\Capstone\Backend\FoodOrderingAppBackend-STUB\FoodOrderingAppBackend\FoodOrderingApp-api\target\classes\com\upgrad\FoodOrderingApp\api\FoodOrderingAppApiApplication.class]]
07:27:16.786 [main] DEBUG org.springframework.context.annotation.ClassPathScanningCandidateComponentProvider - Identified candidate component class: file [E:\PGDM\Capstone\Backend\FoodOrderingAppBackend-STUB\FoodOrderingAppBackend\FoodOrderingApp-api\target\classes\com\upgrad\FoodOrderingApp\api\FoodOrderingAppApiApplication.class]
07:27:16.789 [main] INFO org.springframework.boot.test.context.SpringBootTestContextBootstrapper - Found @SpringBootConfiguration com.upgrad.FoodOrderingApp.api.FoodOrderingAppApiApplication for test class com.upgrad.FoodOrderingApp.api.controller.AddressControllerTest
07:27:17.056 [main] DEBUG org.springframework.boot.test.context.SpringBootTestContextBootstrapper - @TestExecutionListeners is not present for class [com.upgrad.FoodOrderingApp.api.controller.AddressControllerTest]: using defaults.
07:27:17.057 [main] INFO org.springframework.boot.test.context.SpringBootTestContextBootstrapper - Loaded default TestExecutionListener class names from location [META-INF/spring.factories]: [org.springframework.boot.test.mock.mockito.MockitoTestExecutionListener, org.springframework.boot.test.mock.mockito.ResetMocksTestExecutionListener, org.springframework.boot.test.autoconfigure.restdocs.RestDocsTestExecutionListener, org.springframework.boot.test.autoconfigure.web.client.MockRestServiceServerResetTestExecutionListener, org.springframework.boot.test.autoconfigure.web.servlet.MockMvcPrintOnlyOnFailureTestExecutionListener, org.springframework.boot.test.autoconfigure.web.servlet.WebDriverTestExecutionListener, org.springframework.test.context.web.ServletTestExecutionListener, org.springframework.test.context.support.DirtiesContextBeforeModesTestExecutionListener, org.springframework.test.context.support.DependencyInjectionTestExecutionListener, org.springframework.test.context.support.DirtiesContextTestExecutionListener, org.springframework.test.context.transaction.TransactionalTestExecutionListener, org.springframework.test.context.jdbc.SqlScriptsTestExecutionListener]
07:27:17.110 [main] INFO org.springframework.boot.test.context.SpringBootTestContextBootstrapper - Using TestExecutionListeners: [org.springframework.test.context.web.ServletTestExecutionListener@4da4253, org.springframework.test.context.support.DirtiesContextBeforeModesTestExecutionListener@3972a855, org.springframework.boot.test.mock.mockito.MockitoTestExecutionListener@62e7f11d, org.springframework.boot.test.autoconfigure.SpringBootDependencyInjectionTestExecutionListener@503d687a, org.springframework.test.context.support.DirtiesContextTestExecutionListener@6a370f4, org.springframework.test.context.transaction.TransactionalTestExecutionListener@2abf4075, org.springframework.test.context.jdbc.SqlScriptsTestExecutionListener@770d3326, org.springframework.boot.test.mock.mockito.ResetMocksTestExecutionListener@4cc8eb05, org.springframework.boot.test.autoconfigure.restdocs.RestDocsTestExecutionListener@51f116b8, org.springframework.boot.test.autoconfigure.web.client.MockRestServiceServerResetTestExecutionListener@19d481b, org.springframework.boot.test.autoconfigure.web.servlet.MockMvcPrintOnlyOnFailureTestExecutionListener@1f97cf0d, org.springframework.boot.test.autoconfigure.web.servlet.WebDriverTestExecutionListener@140c9f39]
07:27:17.115 [main] DEBUG org.springframework.test.annotation.ProfileValueUtils - Retrieved @ProfileValueSourceConfiguration [null] for test class [com.upgrad.FoodOrderingApp.api.controller.AddressControllerTest]
07:27:17.117 [main] DEBUG org.springframework.test.annotation.ProfileValueUtils - Retrieved ProfileValueSource type [class org.springframework.test.annotation.SystemProfileValueSource] for class [com.upgrad.FoodOrderingApp.api.controller.AddressControllerTest]
07:27:17.123 [main] DEBUG org.springframework.test.annotation.ProfileValueUtils - Retrieved @ProfileValueSourceConfiguration [null] for test class [com.upgrad.FoodOrderingApp.api.controller.AddressControllerTest]
07:27:17.124 [main] DEBUG org.springframework.test.annotation.ProfileValueUtils - Retrieved ProfileValueSource type [class org.springframework.test.annotation.SystemProfileValueSource] for class [com.upgrad.FoodOrderingApp.api.controller.AddressControllerTest]
07:27:17.126 [main] DEBUG org.springframework.test.annotation.ProfileValueUtils - Retrieved @ProfileValueSourceConfiguration [null] for test class [com.upgrad.FoodOrderingApp.api.controller.AddressControllerTest]
07:27:17.126 [main] DEBUG org.springframework.test.annotation.ProfileValueUtils - Retrieved ProfileValueSource type [class org.springframework.test.annotation.SystemProfileValueSource] for class [com.upgrad.FoodOrderingApp.api.controller.AddressControllerTest]
]]></system-out>
  </testcase>
  <testcase name="shouldNotDeleteAddressWithExpiredSessionUser" classname="com.upgrad.FoodOrderingApp.api.controller.AddressControllerTest" time="0">
    <skipped/>
  </testcase>
  <testcase name="shouldNotGetAllAddressesWithExpiredSessionUser" classname="com.upgrad.FoodOrderingApp.api.controller.AddressControllerTest" time="0">
    <skipped/>
  </testcase>
  <testcase name="shouldNotSaveAddressWithIncorrectStateId" classname="com.upgrad.FoodOrderingApp.api.controller.AddressControllerTest" time="0">
    <skipped/>
  </testcase>
  <testcase name="shouldNotDeleteAddressIfNoAddressPresentAgainstGivenAddressId" classname="com.upgrad.FoodOrderingApp.api.controller.AddressControllerTest" time="0">
    <skipped/>
  </testcase>
  <testcase name="shouldNotSaveAddressWithEmptyWrongPinCode" classname="com.upgrad.FoodOrderingApp.api.controller.AddressControllerTest" time="0">
    <skipped/>
  </testcase>
  <testcase name="shouldNotGetAllStatesIfNonePresentInDb" classname="com.upgrad.FoodOrderingApp.api.controller.AddressControllerTest" time="0">
    <skipped/>
  </testcase>
  <testcase name="shouldSaveAddress" classname="com.upgrad.FoodOrderingApp.api.controller.AddressControllerTest" time="0">
    <skipped/>
  </testcase>
  <testcase name="shouldNotDeleteAddressWithNonExistingAccessToken" classname="com.upgrad.FoodOrderingApp.api.controller.AddressControllerTest" time="0">
    <skipped/>
  </testcase>
  <testcase name="shouldNotSaveAddressWithExpiredSessionUser" classname="com.upgrad.FoodOrderingApp.api.controller.AddressControllerTest" time="0">
    <skipped/>
  </testcase>
  <testcase name="shouldNotGetAllAddressesWithSignedOutUser" classname="com.upgrad.FoodOrderingApp.api.controller.AddressControllerTest" time="0">
    <skipped/>
  </testcase>
  <testcase name="shouldNotSaveAddressWithSignedOutUser" classname="com.upgrad.FoodOrderingApp.api.controller.AddressControllerTest" time="0">
    <skipped/>
  </testcase>
  <testcase name="shouldNotSaveAddressWithNonExistingAccessToken" classname="com.upgrad.FoodOrderingApp.api.controller.AddressControllerTest" time="0">
    <skipped/>
  </testcase>
  <testcase name="shouldNotGetAllAddressesWithNonExistingAccessToken" classname="com.upgrad.FoodOrderingApp.api.controller.AddressControllerTest" time="0">
    <skipped/>
  </testcase>
  <testcase name="shouldNotDeleteAddressForWrongCustomer" classname="com.upgrad.FoodOrderingApp.api.controller.AddressControllerTest" time="0">
    <skipped/>
  </testcase>
  <testcase name="shouldDeleteAddress" classname="com.upgrad.FoodOrderingApp.api.controller.AddressControllerTest" time="0">
    <skipped/>
  </testcase>
  <testcase name="shouldGetAllStates" classname="com.upgrad.FoodOrderingApp.api.controller.AddressControllerTest" time="0">
    <skipped/>
  </testcase>
  <testcase name="shouldNotSaveAddressWithEmptyAddressField" classname="com.upgrad.FoodOrderingApp.api.controller.AddressControllerTest" time="0">
    <skipped/>
  </testcase>
  <testcase name="shouldNotDeleteAddressWithSignedOutUser" classname="com.upgrad.FoodOrderingApp.api.controller.AddressControllerTest" time="0">
    <skipped/>
  </testcase>
</testsuite>